[91mNo such file or directory: /home/ooboontoo/catkin_ws/src/unitree_ros/robots/a1_description/urdf/a1.urdf.xacro[0m
Traceback (most recent call last):
  File "/home/ooboontoo/catkin_ws/src/quadruped_robcogen/external/urdf2kindsl/urdf2kindsl.py", line 6, in <module>
    cmdline.main()
  File "/home/ooboontoo/catkin_ws/src/quadruped_robcogen/external/urdf2kindsl/urdf2kindsl/cmdline.py", line 61, in main
    urdfin = urdf.URDFWrapper( args.urdf )
  File "/home/ooboontoo/catkin_ws/src/quadruped_robcogen/external/urdf2kindsl/urdf2kindsl/urdf.py", line 31, in __init__
    root = ET.parse(urdfInFile)
  File "/usr/lib/python2.7/xml/etree/ElementTree.py", line 1182, in parse
    tree.parse(source, parser)
  File "/usr/lib/python2.7/xml/etree/ElementTree.py", line 657, in parse
    self._root = parser.close()
  File "/usr/lib/python2.7/xml/etree/ElementTree.py", line 1671, in close
    self._raiseerror(v)
  File "/usr/lib/python2.7/xml/etree/ElementTree.py", line 1523, in _raiseerror
    raise err
xml.etree.ElementTree.ParseError: no element found: line 1, column 0
WARNING: An illegal reflective access operation has occurred
WARNING: Illegal reflective access by com.google.inject.internal.cglib.core.$ReflectUtils$2 (file:/home/ooboontoo/catkin_ws/src/quadruped_robcogen/external/robcogen/lib/guice.jar) to method java.lang.ClassLoader.defineClass(java.lang.String,byte[],int,int,java.security.ProtectionDomain)
WARNING: Please consider reporting this to the maintainers of com.google.inject.internal.cglib.core.$ReflectUtils$2
WARNING: Use --illegal-access=warn to enable warnings of further illegal reflective access operations
WARNING: All illegal access operations will be denied in a future release
Exception in thread "main" java.lang.RuntimeException: 
Errors while loading the document a1.kindsl

	 mismatched input '<EOF>' expecting 'Robot' (line 1)

	at iit.robcogen.KinDSLWrapper.getModel(Unknown Source)
	at iit.robcogen.Generator.main(Unknown Source)
cp: cannot stat '/tmp/gen/cpp/*.h': No such file or directory
cp: cannot stat '/tmp/gen/cpp/*.cpp': No such file or directory
[91mNo such file or directory: /home/ooboontoo/catkin_ws/src/unitree_ros/robots/a1_description/urdf/a1.urdf.xacro[0m
Traceback (most recent call last):
  File "/home/ooboontoo/catkin_ws/src/quadruped_robcogen/external/urdf2kindsl/urdf2kindsl.py", line 6, in <module>
    cmdline.main()
  File "/home/ooboontoo/catkin_ws/src/quadruped_robcogen/external/urdf2kindsl/urdf2kindsl/cmdline.py", line 61, in main
    urdfin = urdf.URDFWrapper( args.urdf )
  File "/home/ooboontoo/catkin_ws/src/quadruped_robcogen/external/urdf2kindsl/urdf2kindsl/urdf.py", line 31, in __init__
    root = ET.parse(urdfInFile)
  File "/usr/lib/python2.7/xml/etree/ElementTree.py", line 1182, in parse
    tree.parse(source, parser)
  File "/usr/lib/python2.7/xml/etree/ElementTree.py", line 657, in parse
    self._root = parser.close()
  File "/usr/lib/python2.7/xml/etree/ElementTree.py", line 1671, in close
    self._raiseerror(v)
  File "/usr/lib/python2.7/xml/etree/ElementTree.py", line 1523, in _raiseerror
    raise err
xml.etree.ElementTree.ParseError: no element found: line 1, column 0
WARNING: An illegal reflective access operation has occurred
WARNING: Illegal reflective access by com.google.inject.internal.cglib.core.$ReflectUtils$2 (file:/home/ooboontoo/catkin_ws/src/quadruped_robcogen/external/robcogen/lib/guice.jar) to method java.lang.ClassLoader.defineClass(java.lang.String,byte[],int,int,java.security.ProtectionDomain)
WARNING: Please consider reporting this to the maintainers of com.google.inject.internal.cglib.core.$ReflectUtils$2
WARNING: Use --illegal-access=warn to enable warnings of further illegal reflective access operations
WARNING: All illegal access operations will be denied in a future release
Exception in thread "main" java.lang.RuntimeException: 
Errors while loading the document a1.kindsl

	 mismatched input '<EOF>' expecting 'Robot' (line 1)

	at iit.robcogen.KinDSLWrapper.getModel(Unknown Source)
	at iit.robcogen.Generator.main(Unknown Source)
cp: cannot stat '/tmp/gen/cpp/*.h': No such file or directory
cp: cannot stat '/tmp/gen/cpp/*.cpp': No such file or directory
[01m[Kc++:[m[K [01;31m[Kerror: [m[K/home/ooboontoo/catkin_ws/src/a1_robcogen/src/transforms.cpp: No such file or directory
[01m[Kc++:[m[K [01;31m[Kfatal error: [m[Kno input files
compilation terminated.
make[2]: *** [CMakeFiles/a1_robcogen.dir/src/transforms.cpp.o] Error 1
make[1]: *** [CMakeFiles/a1_robcogen.dir/all] Error 2
make: *** [all] Error 2
